<?xml version="1.0" encoding="UTF-8"?>
<!-- Generated by org.testng.reporters.JUnitReportReporter -->
<testsuite skipped="0" hostname="ED-MacBook-Pro.local" name="net.ed.scraper.controller.test.testWebDriver" tests="1" failures="0" timestamp="07 Jun 2018 23:33:10 GMT" time="3.867" errors="0">
  <testcase name="testWebDriver" time="3.867" classname="net.ed.scraper.controller.test.testWebDriver"/>
</testsuite> <!-- net.ed.scraper.controller.test.testWebDriver -->
